<?xml version="1.0" encoding="UTF-8"?>
<testsuite name="IResource"
           tests="21"
           failures="1"
           errors="0"
           skipped="20"
           time="0.021">
  <properties />
            <testcase name="init" time="0.021" classname="Test.LoginTest">
                <failure type="org.openqa.selenium.NoSuchSessionException"
                  message="Session ID is null. Using WebDriver after calling quit()?
Build info: version: &apos;4.1.2&apos;, revision: &apos;9a5a329c5a&apos;
System info: host: &apos;SUNSHINE&apos;, ip: &apos;192.168.1.135&apos;, os.name: &apos;Windows 10&apos;, os.arch: &apos;amd64&apos;, os.version: &apos;10.0&apos;, java.version: &apos;17.0.2&apos;
Driver info: org.openqa.selenium.chrome.ChromeDriver
Command: [null, get {url=https://iresource.smartdev.vn}]
Capabilities {acceptInsecureCerts: false, browserName: chrome, browserVersion: 99.0.4844.74, chrome: {chromedriverVersion: 99.0.4844.51 (d537ec02474b5..., userDataDir: C:\Users\ADMIN\AppData\Loca...}, goog:chromeOptions: {debuggerAddress: localhost:56485}, javascriptEnabled: true, networkConnectionEnabled: false, pageLoadStrategy: normal, platform: WINDOWS, platformName: WINDOWS, proxy: Proxy(), se:cdp: ws://localhost:56485/devtoo..., se:cdpVersion: 99.0.4844.74, setWindowRect: true, strictFileInteractability: false, timeouts: {implicit: 0, pageLoad: 300000, script: 30000}, unhandledPromptBehavior: dismiss and notify, webauthn:extension:credBlob: true, webauthn:extension:largeBlob: true, webauthn:virtualAuthenticators: true}"
              >
<![CDATA[org.openqa.selenium.NoSuchSessionException: Session ID is null. Using WebDriver after calling quit()?
Build info: version: '4.1.2', revision: '9a5a329c5a'
System info: host: 'SUNSHINE', ip: '192.168.1.135', os.name: 'Windows 10', os.arch: 'amd64', os.version: '10.0', java.version: '17.0.2'
Driver info: org.openqa.selenium.chrome.ChromeDriver
Command: [null, get {url=https://iresource.smartdev.vn}]
Capabilities {acceptInsecureCerts: false, browserName: chrome, browserVersion: 99.0.4844.74, chrome: {chromedriverVersion: 99.0.4844.51 (d537ec02474b5..., userDataDir: C:\Users\ADMIN\AppData\Loca...}, goog:chromeOptions: {debuggerAddress: localhost:56485}, javascriptEnabled: true, networkConnectionEnabled: false, pageLoadStrategy: normal, platform: WINDOWS, platformName: WINDOWS, proxy: Proxy(), se:cdp: ws://localhost:56485/devtoo..., se:cdpVersion: 99.0.4844.74, setWindowRect: true, strictFileInteractability: false, timeouts: {implicit: 0, pageLoad: 300000, script: 30000}, unhandledPromptBehavior: dismiss and notify, webauthn:extension:credBlob: true, webauthn:extension:largeBlob: true, webauthn:virtualAuthenticators: true}
  org.openqa.selenium.remote.HttpCommandExecutor.execute(HttpCommandExecutor.java:145)
  org.openqa.selenium.remote.service.DriverCommandExecutor.invokeExecute(DriverCommandExecutor.java:167)
  org.openqa.selenium.remote.service.DriverCommandExecutor.execute(DriverCommandExecutor.java:142)
  org.openqa.selenium.remote.RemoteWebDriver.execute(RemoteWebDriver.java:558)
  org.openqa.selenium.remote.RemoteWebDriver.get(RemoteWebDriver.java:327)
  Test.LoginTest.init(LoginTest.java:16)
  java.base/jdk.internal.reflect.NativeMethodAccessorImpl.invoke0(Native Method)
  java.base/jdk.internal.reflect.NativeMethodAccessorImpl.invoke(NativeMethodAccessorImpl.java:77)
  java.base/jdk.internal.reflect.DelegatingMethodAccessorImpl.invoke(DelegatingMethodAccessorImpl.java:43)
  java.base/java.lang.reflect.Method.invoke(Method.java:568)
  org.testng.internal.invokers.MethodInvocationHelper.invokeMethod(MethodInvocationHelper.java:135)
  org.testng.internal.invokers.MethodInvocationHelper.invokeMethodConsideringTimeout(MethodInvocationHelper.java:65)
  org.testng.internal.invokers.ConfigInvoker.invokeConfigurationMethod(ConfigInvoker.java:381)
  org.testng.internal.invokers.ConfigInvoker.invokeConfigurations(ConfigInvoker.java:319)
  org.testng.internal.invokers.TestInvoker.runConfigMethods(TestInvoker.java:803)
  org.testng.internal.invokers.TestInvoker.invokeMethod(TestInvoker.java:589)
  org.testng.internal.invokers.TestInvoker.invokeTestMethod(TestInvoker.java:220)
  org.testng.internal.invokers.MethodRunner.runInSequence(MethodRunner.java:50)
  org.testng.internal.invokers.TestInvoker$MethodInvocationAgent.invoke(TestInvoker.java:945)
  org.testng.internal.invokers.TestInvoker.invokeTestMethods(TestInvoker.java:193)
  org.testng.internal.invokers.TestMethodWorker.invokeTestMethods(TestMethodWorker.java:146)
  org.testng.internal.invokers.TestMethodWorker.run(TestMethodWorker.java:128)
  java.base/java.util.ArrayList.forEach(ArrayList.java:1511)
  org.testng.TestRunner.privateRun(TestRunner.java:808)
  org.testng.TestRunner.run(TestRunner.java:603)
  org.testng.SuiteRunner.runTest(SuiteRunner.java:429)
  org.testng.SuiteRunner.runSequentially(SuiteRunner.java:423)
  org.testng.SuiteRunner.privateRun(SuiteRunner.java:383)
  org.testng.SuiteRunner.run(SuiteRunner.java:326)
  org.testng.SuiteRunnerWorker.runSuite(SuiteRunnerWorker.java:52)
  org.testng.SuiteRunnerWorker.run(SuiteRunnerWorker.java:95)
  org.testng.TestNG.runSuitesSequentially(TestNG.java:1249)
  org.testng.TestNG.runSuitesLocally(TestNG.java:1169)
  org.testng.TestNG.runSuites(TestNG.java:1092)
  org.testng.TestNG.run(TestNG.java:1060)
  com.intellij.rt.testng.IDEARemoteTestNG.run(IDEARemoteTestNG.java:66)
  com.intellij.rt.testng.RemoteTestNGStarter.main(RemoteTestNGStarter.java:109)
]]>
      </failure>

          </testcase>
  
            <testcase name="init" time="0.0" classname="Test.LoginTest">
          <skipped />
    </testcase>
            <testcase name="init" time="0.0" classname="Test.LoginTest">
          <skipped />
    </testcase>
            <testcase name="init" time="0.0" classname="Test.LoginTest">
          <skipped />
    </testcase>
            <testcase name="init" time="0.0" classname="Test.LoginTest">
          <skipped />
    </testcase>
            <testcase name="init" time="0.0" classname="Test.LoginTest">
          <skipped />
    </testcase>
            <testcase name="init" time="0.0" classname="Test.LoginTest">
          <skipped />
    </testcase>
            <testcase name="init" time="0.0" classname="Test.LoginTest">
          <skipped />
    </testcase>
            <testcase name="init" time="0.0" classname="Test.LoginTest">
          <skipped />
    </testcase>
            <testcase name="tearDown" time="0.0" classname="Test.LoginTest">
          <skipped />
    </testcase>
            <testcase name="init" time="0.0" classname="Test.LoginTest">
          <skipped />
    </testcase>
            <testcase name="TC04_Email_InvalidFormat" time="0.0" classname="Test.LoginTest">
          <skipped />
    </testcase>
            <testcase name="TC08_Decription" time="0.0" classname="Test.LoginTest">
          <skipped />
    </testcase>
            <testcase name="TC07_Title" time="0.0" classname="Test.LoginTest">
          <skipped />
    </testcase>
            <testcase name="TC10_showPasswordEye" time="0.0" classname="Test.LoginTest">
          <skipped />
    </testcase>
            <testcase name="TC03_Password_NotAlreadyOnDB" time="0.0" classname="Test.LoginTest">
          <skipped />
    </testcase>
            <testcase name="TC05_Password_InvalidLength" time="0.0" classname="Test.LoginTest">
          <skipped />
    </testcase>
            <testcase name="TC01_Blank" time="0.0" classname="Test.LoginTest">
          <skipped />
    </testcase>
            <testcase name="TC06_Success" time="0.0" classname="Test.LoginTest">
          <skipped />
    </testcase>
            <testcase name="TC09_DefaultRemember" time="0.0" classname="Test.LoginTest">
          <skipped />
    </testcase>
            <testcase name="TC02_Email_NotAlreadyOnDB" time="0.0" classname="Test.LoginTest">
          <skipped />
    </testcase>
  
  
</testsuite>
